<?xml version="1.0" encoding="UTF-8"?>
<!-- Generated by org.testng.reporters.JUnitXMLReporter -->
<testsuite ignored="8" hostname="LAPTOP-6TA1GC3K" failures="1" tests="12" name="DemoBlaze Automation" time="52.335" errors="0" timestamp="2022-05-04T00:52:15 IST">
  <testcase classname="com.demoblaze.testcases.SignUpPageTest" name="registerUser" time="1.835"/>
  <testcase classname="com.demoblaze.testcases.LoginPageTest" name="loginTest" time="6.265"/>
  <testcase classname="com.demoblaze.testcases.LoginPageTest" name="loginTest" time="5.875"/>
  <testcase classname="com.demoblaze.testcases.LoginPageTest" name="loginTest" time="4.89"/>
  <testcase classname="com.demoblaze.testcases.ProductInfoPageTest" name="selectLappy" time="4.552"/>
  <testcase classname="com.demoblaze.testcases.ProductInfoPageTest" name="selectMonitor" time="4.158"/>
  <testcase classname="com.demoblaze.testcases.ProductInfoPageTest" name="selectPhone" time="4.452"/>
  <testcase classname="com.demoblaze.testcases.CartPageTest" name="goToCart" time="6.03"/>
  <testcase classname="com.demoblaze.testcases.CartPageTest" name="validateDeleteItem" time="5.708"/>
  <testcase classname="com.demoblaze.testcases.CartPageTest" name="valiadteTotalProductPrice" time="0.13"/>
  <testcase classname="com.demoblaze.testcases.PaymentInfoPageTest" name="verifyPurchaseWithoutInfo" time="0.729"/>
  <testcase classname="com.demoblaze.testcases.PaymentInfoPageTest" name="verifyPurchaseWithInfo" time="0.957">
    <failure type="java.lang.AssertionError" message="expected [Thank you for your purchase] but found [Thank you for your purchase!]">
      <![CDATA[java.lang.AssertionError: expected [Thank you for your purchase] but found [Thank you for your purchase!]
at com.demoblaze.testcases.PaymentInfoPageTest.verifyPurchaseWithInfo(PaymentInfoPageTest.java:51)
at java.base/java.util.ArrayList.forEach(ArrayList.java:1511)
... Removed 33 stack frames]]>
    </failure>
  </testcase> <!-- verifyPurchaseWithInfo -->
  <testcase classname="com.demoblaze.base.TestBase" name="@BeforeSuite setUp" time="0.0">
    <ignored/>
  </testcase> <!-- @BeforeSuite setUp -->
  <testcase classname="com.demoblaze.base.TestBase" name="@BeforeSuite setUp" time="0.0">
    <ignored/>
  </testcase> <!-- @BeforeSuite setUp -->
  <testcase classname="com.demoblaze.base.TestBase" name="@BeforeSuite setUp" time="0.0">
    <ignored/>
  </testcase> <!-- @BeforeSuite setUp -->
  <testcase classname="com.demoblaze.base.TestBase" name="@BeforeSuite setUp" time="0.0">
    <ignored/>
  </testcase> <!-- @BeforeSuite setUp -->
  <testcase classname="com.demoblaze.base.TestBase" name="@AfterSuite tearDown" time="0.0">
    <ignored/>
  </testcase> <!-- @AfterSuite tearDown -->
  <testcase classname="com.demoblaze.base.TestBase" name="@AfterSuite tearDown" time="0.0">
    <ignored/>
  </testcase> <!-- @AfterSuite tearDown -->
  <testcase classname="com.demoblaze.base.TestBase" name="@AfterSuite tearDown" time="0.0">
    <ignored/>
  </testcase> <!-- @AfterSuite tearDown -->
  <testcase classname="com.demoblaze.base.TestBase" name="@AfterSuite tearDown" time="0.0">
    <ignored/>
  </testcase> <!-- @AfterSuite tearDown -->
</testsuite> <!-- DemoBlaze Automation -->
